<?xml version="1.0" encoding="UTF-8"?>
<testsuite xmlns:xsi="http://www.w3.org/2001/XMLSchema-instance" xsi:noNamespaceSchemaLocation="https://maven.apache.org/surefire/maven-surefire-plugin/xsd/surefire-test-report-3.0.xsd" version="3.0" name="com.example.Crud.CrudApplicationTests" time="6.47" tests="1" errors="0" skipped="0" failures="0">
  <properties>
[...]
</properties>
  <testcase name="contextLoads" classname="com.example.Crud.CrudApplicationTests" time="0.539">
    <system-out><![CDATA[04:23:02.230 [main] INFO org.springframework.test.context.support.AnnotationConfigContextLoaderUtils -- Could not detect default configuration classes for test class [com.example.Crud.CrudApplicationTests]: CrudApplicationTests does not declare any static, non-private, non-final, nested classes annotated with @Configuration.
04:23:02.338 [main] INFO org.springframework.boot.test.context.SpringBootTestContextBootstrapper -- Found @SpringBootConfiguration com.example.Crud.CrudApplication for test class com.example.Crud.CrudApplicationTests

  .   ____          _            __ _ _
 /\\ / ___'_ __ _ _(_)_ __  __ _ \ \ \ \
( ( )\___ | '_ | '_| | '_ \/ _` | \ \ \ \
 \\/  ___)| |_)| | | | | || (_| |  ) ) ) )
  '  |____| .__|_| |_|_| |_\__, | / / / /
 =========|_|==============|___/=/_/_/_/
 :: Spring Boot ::                (v3.1.5)

2024-05-23T04:23:02.751-05:00  INFO 11604 --- [           main] com.example.Crud.CrudApplicationTests    : Starting CrudApplicationTests using Java 17.0.10 with PID 11604 (started by maver in C:\Users\maver\OneDrive\Escritorio\Crud-Backend-ab1dd01e70c56b1d17e2378f00bd5a4aa9fa77be\Crud-Backend-ab1dd01e70c56b1d17e2378f00bd5a4aa9fa77be)
2024-05-23T04:23:02.753-05:00  INFO 11604 --- [           main] com.example.Crud.CrudApplicationTests    : No active profile set, falling back to 1 default profile: "default"
2024-05-23T04:23:03.447-05:00  INFO 11604 --- [           main] .s.d.r.c.RepositoryConfigurationDelegate : Bootstrapping Spring Data JPA repositories in DEFAULT mode.
2024-05-23T04:23:03.514-05:00  INFO 11604 --- [           main] .s.d.r.c.RepositoryConfigurationDelegate : Finished Spring Data repository scanning in 57 ms. Found 1 JPA repository interfaces.
2024-05-23T04:23:03.971-05:00  INFO 11604 --- [           main] com.zaxxer.hikari.HikariDataSource       : HikariPool-1 - Starting...
2024-05-23T04:23:05.573-05:00  INFO 11604 --- [           main] com.zaxxer.hikari.pool.HikariPool        : HikariPool-1 - Added connection com.mysql.cj.jdbc.ConnectionImpl@1d6751e3
2024-05-23T04:23:05.583-05:00  INFO 11604 --- [           main] com.zaxxer.hikari.HikariDataSource       : HikariPool-1 - Start completed.
2024-05-23T04:23:05.644-05:00  INFO 11604 --- [           main] o.hibernate.jpa.internal.util.LogHelper  : HHH000204: Processing PersistenceUnitInfo [name: default]
2024-05-23T04:23:05.721-05:00  INFO 11604 --- [           main] org.hibernate.Version                    : HHH000412: Hibernate ORM core version 6.2.13.Final
2024-05-23T04:23:05.723-05:00  INFO 11604 --- [           main] org.hibernate.cfg.Environment            : HHH000406: Using bytecode reflection optimizer
2024-05-23T04:23:06.002-05:00  INFO 11604 --- [           main] o.s.o.j.p.SpringPersistenceUnitInfo      : No LoadTimeWeaver setup: ignoring JPA class transformer
2024-05-23T04:23:06.358-05:00  WARN 11604 --- [           main] org.hibernate.orm.deprecation            : HHH90000025: MySQLDialect does not need to be specified explicitly using 'hibernate.dialect' (remove the property setting and it will be selected by default)
2024-05-23T04:23:07.104-05:00  INFO 11604 --- [           main] o.h.e.t.j.p.i.JtaPlatformInitiator       : HHH000489: No JTA platform available (set 'hibernate.transaction.jta.platform' to enable JTA platform integration)
2024-05-23T04:23:07.106-05:00  INFO 11604 --- [           main] j.LocalContainerEntityManagerFactoryBean : Initialized JPA EntityManagerFactory for persistence unit 'default'
2024-05-23T04:23:07.593-05:00  WARN 11604 --- [           main] JpaBaseConfiguration$JpaWebConfiguration : spring.jpa.open-in-view is enabled by default. Therefore, database queries may be performed during view rendering. Explicitly configure spring.jpa.open-in-view to disable this warning
2024-05-23T04:23:07.975-05:00  INFO 11604 --- [           main] com.example.Crud.CrudApplicationTests    : Started CrudApplicationTests in 5.472 seconds (process running for 6.492)
]]></system-out>
  </testcase>
</testsuite>